#
# There is insufficient memory for the Java Runtime Environment to continue.
# Native memory allocation (mmap) failed to map 4161536 bytes for G1 virtual space
# Possible reasons:
#   The system is out of physical RAM or swap space
#   The process is running with CompressedOops enabled, and the Java Heap may be blocking the growth of the native heap
# Possible solutions:
#   Reduce memory load on the system
#   Increase physical memory or swap space
#   Check if swap backing store is full
#   Decrease Java heap size (-Xmx/-Xms)
#   Decrease number of Java threads
#   Decrease Java thread stack sizes (-Xss)
#   Set larger code cache with -XX:ReservedCodeCacheSize=
#   JVM is running with Zero Based Compressed Oops mode in which the Java heap is
#     placed in the first 32GB address space. The Java Heap base address is the
#     maximum limit for the native heap growth. Please use -XX:HeapBaseMinAddress
#     to set the Java Heap base and to place the Java Heap above 32GB virtual address.
# This output file may be truncated or incomplete.
#
#  Out of Memory Error (os_windows.cpp:3466), pid=21252, tid=21400
#
# JRE version:  (16.0.2+7) (build )
# Java VM: Java HotSpot(TM) 64-Bit Server VM (16.0.2+7-67, mixed mode, sharing, tiered, compressed oops, compressed class ptrs, g1 gc, windows-amd64)
# No core dump will be written. Minidumps are not enabled by default on client versions of Windows
#

---------------  S U M M A R Y ------------

Command Line: -XX:+ShowCodeDetailsInExceptionMessages HW6.SpanTree

Host: Intel(R) Core(TM) i7-10750H CPU @ 2.60GHz, 12 cores, 15G,  Windows 10 , 64 bit Build 19041 (10.0.19041.3393)
Time: Sun Dec 10 20:19:04 2023 Eastern Standard Time elapsed time: 0.013748 seconds (0d 0h 0m 0s)

---------------  T H R E A D  ---------------

Current thread (0x0000013208b1eaf0):  JavaThread "Unknown thread" [_thread_in_vm, id=21400, stack(0x0000002eeab00000,0x0000002eeac00000)]

Stack: [0x0000002eeab00000,0x0000002eeac00000]
Native frames: (J=compiled Java code, j=interpreted, Vv=VM code, C=native code)
V  [jvm.dll+0x6681ca]
V  [jvm.dll+0x7c9e69]
V  [jvm.dll+0x7cb61e]
V  [jvm.dll+0x7cbc73]
V  [jvm.dll+0x242c55]
V  [jvm.dll+0x664f89]
V  [jvm.dll+0x659b75]
V  [jvm.dll+0x2fbfbb]
V  [jvm.dll+0x3031b6]
V  [jvm.dll+0x3529c8]
V  [jvm.dll+0x352bcf]
V  [jvm.dll+0x2d3028]
V  [jvm.dll+0x2d4264]
V  [jvm.dll+0x79c741]
V  [jvm.dll+0x360791]
V  [jvm.dll+0x77a3f0]
V  [jvm.dll+0x3e4e8f]
V  [jvm.dll+0x3e6961]
C  [jli.dll+0x52fb]
C  [ucrtbase.dll+0x21bb2]
C  [KERNEL32.DLL+0x17344]
C  [ntdll.dll+0x526b1]


---------------  P R O C E S S  ---------------

Threads class SMR info:
_java_thread_list=0x00007fff4929cbb8, length=0, elements={
}

Java Threads: ( => current thread )

Other Threads:
  0x0000013208b70650 GCTaskThread "GC Thread#0" [stack: 0x0000002eeac00000,0x0000002eead00000] [id=17792]
  0x0000013208b82570 ConcurrentGCThread "G1 Main Marker" [stack: 0x0000002eead00000,0x0000002eeae00000] [id=18580]
  0x0000013208b84790 ConcurrentGCThread "G1 Conc#0" [stack: 0x0000002eeae00000,0x0000002eeaf00000] [id=20360]

[error occurred during error reporting (printing all threads), id 0xc0000005, EXCEPTION_ACCESS_VIOLATION (0xc0000005) at pc=0x00007fff48a73ee7]

VM state: not at safepoint (not fully initialized)

VM Mutex/Monitor currently owned by a thread:  ([mutex/lock_event])
[0x0000013208b19f70] Heap_lock - owner thread: 0x0000013208b1eaf0

Heap address: 0x0000000702200000, size: 4062 MB, Compressed Oops mode: Zero based, Oop shift amount: 3

CDS archive(s) mapped at: [0x0000000000000000-0x0000000000000000-0x0000000000000000), size 0, SharedBaseAddress: 0x0000000800000000, ArchiveRelocationMode: 0.
Narrow klass base: 0x0000000000000000, Narrow klass shift: 0, Narrow klass range: 0x0

GC Precious Log:
<Empty>

Heap:
 garbage-first heap   total 0K, used 0K [0x0000000702200000, 0x0000000800000000)
  region size 2048K, 0 young (0K), 0 survivors (0K)

[error occurred during error reporting (printing heap information), id 0xc0000005, EXCEPTION_ACCESS_VIOLATION (0xc0000005) at pc=0x00007fff48e51eed]

GC Heap History (0 events):
No events

Deoptimization events (0 events):
No events

Classes unloaded (0 events):
No events

Classes redefined (0 events):
No events

Internal exceptions (0 events):
No events

Events (1 events):
Event: 0.008 Loaded shared library C:\Program Files\Java\jdk-16.0.2\bin\java.dll


Dynamic libraries:
0x00007ff6394b0000 - 0x00007ff6394c0000 	C:\Program Files\Java\jdk-16.0.2\bin\java.exe
0x00007fffbed10000 - 0x00007fffbef08000 	C:\WINDOWS\SYSTEM32\ntdll.dll
0x00007fffbdc40000 - 0x00007fffbdcfd000 	C:\WINDOWS\System32\KERNEL32.DLL
0x00007fffbc460000 - 0x00007fffbc756000 	C:\WINDOWS\System32\KERNELBASE.dll
0x00007fffbc760000 - 0x00007fffbc860000 	C:\WINDOWS\System32\ucrtbase.dll
0x00007fffa1ff0000 - 0x00007fffa2008000 	C:\Program Files\Java\jdk-16.0.2\bin\jli.dll
0x00007fffa17f0000 - 0x00007fffa1809000 	C:\Program Files\Java\jdk-16.0.2\bin\VCRUNTIME140.dll
0x00007fffbd600000 - 0x00007fffbd6ae000 	C:\WINDOWS\System32\ADVAPI32.dll
0x00007fffbdd00000 - 0x00007fffbdd9e000 	C:\WINDOWS\System32\msvcrt.dll
0x00007fffbdec0000 - 0x00007fffbdf5c000 	C:\WINDOWS\System32\sechost.dll
0x00007fffbcf40000 - 0x00007fffbd066000 	C:\WINDOWS\System32\RPCRT4.dll
0x00007fffbd220000 - 0x00007fffbd3be000 	C:\WINDOWS\System32\USER32.dll
0x00007fffbcbb0000 - 0x00007fffbcbd2000 	C:\WINDOWS\System32\win32u.dll
0x00007fffa3290000 - 0x00007fffa352a000 	C:\WINDOWS\WinSxS\amd64_microsoft.windows.common-controls_6595b64144ccf1df_6.0.19041.1110_none_60b5254171f9507e\COMCTL32.dll
0x00007fffbd3c0000 - 0x00007fffbd3ec000 	C:\WINDOWS\System32\GDI32.dll
0x00007fffbc860000 - 0x00007fffbc97a000 	C:\WINDOWS\System32\gdi32full.dll
0x00007fffbca80000 - 0x00007fffbcb1d000 	C:\WINDOWS\System32\msvcp_win.dll
0x00007fffb5de0000 - 0x00007fffb5dea000 	C:\WINDOWS\SYSTEM32\VERSION.dll
0x00007fffbd4a0000 - 0x00007fffbd4d0000 	C:\WINDOWS\System32\IMM32.DLL
0x00007fffb9610000 - 0x00007fffb961c000 	C:\Program Files\Java\jdk-16.0.2\bin\vcruntime140_1.dll
0x00007fff8dfc0000 - 0x00007fff8e051000 	C:\Program Files\Java\jdk-16.0.2\bin\msvcp140.dll
0x00007fff48790000 - 0x00007fff4933b000 	C:\Program Files\Java\jdk-16.0.2\bin\server\jvm.dll
0x00007fffbe3d0000 - 0x00007fffbe3d8000 	C:\WINDOWS\System32\PSAPI.DLL
0x00007fffb3ef0000 - 0x00007fffb3ef9000 	C:\WINDOWS\SYSTEM32\WSOCK32.dll
0x00007fffabd90000 - 0x00007fffabdb7000 	C:\WINDOWS\SYSTEM32\WINMM.dll
0x00007fffbd870000 - 0x00007fffbd8db000 	C:\WINDOWS\System32\WS2_32.dll
0x00007fffbabd0000 - 0x00007fffbabe2000 	C:\WINDOWS\SYSTEM32\kernel.appcore.dll
0x00007fffa27c0000 - 0x00007fffa27ca000 	C:\Program Files\Java\jdk-16.0.2\bin\jimage.dll
0x00007fffba140000 - 0x00007fffba324000 	C:\WINDOWS\SYSTEM32\DBGHELP.DLL
0x00007fffa4e70000 - 0x00007fffa4ea4000 	C:\WINDOWS\SYSTEM32\dbgcore.DLL
0x00007fffbcb20000 - 0x00007fffbcba2000 	C:\WINDOWS\System32\bcryptPrimitives.dll
0x00007fff9f780000 - 0x00007fff9f7a5000 	C:\Program Files\Java\jdk-16.0.2\bin\java.dll

dbghelp: loaded successfully - version: 4.0.5 - missing functions: none
symbol engine: initialized successfully - sym options: 0x614 - pdb path: .;C:\Program Files\Java\jdk-16.0.2\bin;C:\WINDOWS\SYSTEM32;C:\WINDOWS\WinSxS\amd64_microsoft.windows.common-controls_6595b64144ccf1df_6.0.19041.1110_none_60b5254171f9507e;C:\Program Files\Java\jdk-16.0.2\bin\server

VM Arguments:
jvm_args: -XX:+ShowCodeDetailsInExceptionMessages 
java_command: HW6.SpanTree
java_class_path (initial): C:\Users\migue\AppData\Roaming\Code\User\workspaceStorage\176a0300cd28138aef7ee7bfd586ca0f\redhat.java\jdt_ws\Algo_b7f0c16\bin
Launcher Type: SUN_STANDARD

[Global flags]
     intx CICompilerCount                          = 4                                         {product} {ergonomic}
     uint ConcGCThreads                            = 3                                         {product} {ergonomic}
     uint G1ConcRefinementThreads                  = 10                                        {product} {ergonomic}
   size_t G1HeapRegionSize                         = 2097152                                   {product} {ergonomic}
    uintx GCDrainStackTargetSize                   = 64                                        {product} {ergonomic}
   size_t InitialHeapSize                          = 266338304                                 {product} {ergonomic}
   size_t MarkStackSize                            = 4194304                                   {product} {ergonomic}
   size_t MaxHeapSize                              = 4259315712                                {product} {ergonomic}
   size_t MinHeapDeltaBytes                        = 2097152                                   {product} {ergonomic}
   size_t MinHeapSize                              = 8388608                                   {product} {ergonomic}
    uintx NonNMethodCodeHeapSize                   = 5839372                                {pd product} {ergonomic}
    uintx NonProfiledCodeHeapSize                  = 122909434                              {pd product} {ergonomic}
    uintx ProfiledCodeHeapSize                     = 122909434                              {pd product} {ergonomic}
    uintx ReservedCodeCacheSize                    = 251658240                              {pd product} {ergonomic}
     bool SegmentedCodeCache                       = true                                      {product} {ergonomic}
     bool ShowCodeDetailsInExceptionMessages       = true                                   {manageable} {command line}
   size_t SoftMaxHeapSize                          = 4259315712                             {manageable} {ergonomic}
     bool UseCompressedClassPointers               = true                           {product lp64_product} {ergonomic}
     bool UseCompressedOops                        = true                           {product lp64_product} {ergonomic}
     bool UseG1GC                                  = true                                      {product} {ergonomic}
     bool UseLargePagesIndividualAllocation        = false                                  {pd product} {ergonomic}

Logging:
Log output configuration:
 #0: stdout all=warning uptime,level,tags
 #1: stderr all=off uptime,level,tags

Environment Variables:
JAVA_HOME=C:\opt\jdk-11.0.18
PATH=C:\opt\jdk-11.0.18\bin;C:\Program Files (x86)\Common Files\Intel\Shared Libraries\redist\ia32_win\compiler;C:\Program Files (x86)\Common Files\Intel\Shared Libraries\redist\intel64_win\compiler;C:\Program Files (x86)\Common Files\Oracle\Java\javapath;C:\Program Files (x86)\Razer Chroma SDK\bin;C:\Program Files\Razer Chroma SDK\bin;C:\Program Files (x86)\Razer\ChromaBroadcast\bin;C:\Program Files\Razer\ChromaBroadcast\bin;C:\Program Files (x86)\Common Files\Intel\Shared Libraries\redist\intel64\compiler;C:\Windows\system32;C:\Windows;C:\Windows\System32\Wbem;C:\Windows\System32\WindowsPowerShell\v1.0\;C:\Windows\System32\OpenSSH\;C:\Program Files (x86)\NVIDIA Corporation\PhysX\Common;C:\Program Files\NVIDIA Corporation\NVIDIA NvDLISR;C:\Windows\system32\config\systemprofile\AppData\Local\Microsoft\WindowsApps;C:\Program Files (x86)\dotnet\;C:\Program Files\WorldPainter;C:\WINDOWS\system32;C:\WINDOWS;C:\WINDOWS\System32\Wbem;C:\WINDOWS\System32\WindowsPowerShell\v1.0\;C:\WINDOWS\System32\;C:\Program Files\nodejs\;C:\Program Files\dotnet\;C:\Program Files\Git\cmd;C:\opt\apache-maven-3.8.7\bin;C:\Program Files\Go\bin;C:\ProgramData\chocolatey\bin;C:\Program Files\Docker\Docker\resources\bin;C:\Users\migue\Downloads\sonar-scanner-4.8.0.2856-windows\bin;C:\Program Files\Microsoft SQL Server\150\Tools\Binn\;C:\Users\migue\AppData\Local\Microsoft\WindowsApps;C:\Users\migue\AppData\Local\Programs\Microsoft VS Code\bin;C:\opt\apache-maven-3.8.7\bin;C:\Users\migue\AppData\Roaming\npm;C:\Users\migue\go\bin;C:\Users\migue\Downloads\sonar-scanner-4.8.0.2856-windows\bin;
USERNAME=migue
LANG=en_US.UTF-8
OS=Windows_NT
PROCESSOR_IDENTIFIER=Intel64 Family 6 Model 165 Stepping 2, GenuineIntel



---------------  S Y S T E M  ---------------

OS:
 Windows 10 , 64 bit Build 19041 (10.0.19041.3393)
OS uptime: 1 days 22:01 hours
Hyper-V role detected

CPU: total 12 (initial active 12) (6 cores per cpu, 2 threads per core) family 6 model 165 stepping 2 microcode 0xc8, cx8, cmov, fxsr, ht, mmx, 3dnowpref, sse, sse2, sse3, ssse3, sse4.1, sse4.2, popcnt, lzcnt, tsc, tscinvbit, avx, avx2, aes, erms, clmul, bmi1, bmi2, adx, fma, vzeroupper, clflush, clflushopt, hv

Memory: 4k page, system-wide physical 16245M (5338M free)
TotalPageFile size 21545M (AvailPageFile size 5M)
current process WorkingSet (physical memory assigned to process): 10M, peak: 10M
current process commit charge ("private bytes"): 322M, peak: 326M

vm_info: Java HotSpot(TM) 64-Bit Server VM (16.0.2+7-67) for windows-amd64 JRE (16.0.2+7-67), built on Jun  8 2021 23:24:19 by "mach5one" with MS VC++ 16.7 (VS2019)

END.
